{"meta": {"version": "6.3.2", "timestamp": "2023-07-18T11:21:27.260178", "branch_coverage": false, "show_contexts": false}, "files": {"Core/Metrics.py": {"executed_lines": [1, 2, 3, 5, 7, 8, 10, 11, 18, 19, 21, 22, 26, 27], "summary": {"covered_lines": 14, "num_statements": 17, "percent_covered": 82.3529411764706, "percent_covered_display": "82", "missing_lines": 3, "excluded_lines": 0}, "missing_lines": [16, 23, 24], "excluded_lines": []}, "Core/PreprocessInterface.py": {"executed_lines": [1, 2, 3, 5, 6, 7, 8, 10, 12, 13, 14, 16, 32, 35, 36, 49, 50, 100, 101, 122, 125, 127, 129, 131, 132, 135, 136, 138, 145], "summary": {"covered_lines": 13, "num_statements": 33, "percent_covered": 39.39393939393939, "percent_covered_display": "39", "missing_lines": 20, "excluded_lines": 0}, "missing_lines": [18, 19, 21, 22, 23, 25, 26, 27, 29, 30, 31, 33, 37, 38, 39, 41, 42, 43, 45, 46], "excluded_lines": []}, "Core/__init__.py": {"executed_lines": [1], "summary": {"covered_lines": 0, "num_statements": 0, "percent_covered": 100.0, "percent_covered_display": "100", "missing_lines": 0, "excluded_lines": 0}, "missing_lines": [], "excluded_lines": []}, "DataLoader/Loader.py": {"executed_lines": [1, 2, 3, 4, 5, 6, 7, 9, 11, 29, 30, 32, 33, 35, 36, 38, 39, 41, 44, 47, 48, 49, 51, 52, 53, 54, 56, 59, 61, 62, 66, 69, 74, 77, 82, 85, 86, 94, 100, 101, 108, 110, 112, 113, 114, 116, 117, 118, 119, 121, 122, 124, 125, 129], "summary": {"covered_lines": 25, "num_statements": 56, "percent_covered": 44.642857142857146, "percent_covered_display": "45", "missing_lines": 31, "excluded_lines": 0}, "missing_lines": [24, 25, 27, 28, 31, 34, 37, 40, 42, 43, 46, 55, 60, 63, 65, 67, 70, 83, 84, 87, 89, 91, 92, 93, 95, 96, 97, 98, 103, 104, 106], "excluded_lines": []}, "DataLoader/SupportedScalers.py": {"executed_lines": [1, 2, 4, 5, 6], "summary": {"covered_lines": 5, "num_statements": 5, "percent_covered": 100.0, "percent_covered_display": "100", "missing_lines": 0, "excluded_lines": 0}, "missing_lines": [], "excluded_lines": []}, "DataLoader/__init__.py": {"executed_lines": [1], "summary": {"covered_lines": 0, "num_statements": 0, "percent_covered": 100.0, "percent_covered_display": "100", "missing_lines": 0, "excluded_lines": 0}, "missing_lines": [], "excluded_lines": []}, "Models/GB.py": {"executed_lines": [1, 2, 3, 4, 6, 8, 10, 12, 24, 26, 29, 32], "summary": {"covered_lines": 8, "num_statements": 15, "percent_covered": 53.333333333333336, "percent_covered_display": "53", "missing_lines": 7, "excluded_lines": 0}, "missing_lines": [13, 15, 16, 18, 19, 21, 22], "excluded_lines": []}, "Models/ManageModels.py": {"executed_lines": [1, 2, 3, 4, 6, 7, 9, 10, 13, 20, 21, 22, 31], "summary": {"covered_lines": 12, "num_statements": 31, "percent_covered": 38.70967741935484, "percent_covered_display": "39", "missing_lines": 19, "excluded_lines": 0}, "missing_lines": [11, 14, 15, 16, 18, 19, 24, 25, 26, 27, 29, 30, 32, 33, 35, 46, 48, 49, 51], "excluded_lines": []}, "Models/ModelInterface.py": {"executed_lines": [1, 3, 5, 6, 7, 15, 16, 19, 20, 23, 35, 36], "summary": {"covered_lines": 9, "num_statements": 17, "percent_covered": 52.94117647058823, "percent_covered_display": "53", "missing_lines": 8, "excluded_lines": 0}, "missing_lines": [8, 10, 11, 12, 14, 18, 21, 22], "excluded_lines": []}, "Models/__init__.py": {"executed_lines": [1], "summary": {"covered_lines": 0, "num_statements": 0, "percent_covered": 100.0, "percent_covered_display": "100", "missing_lines": 0, "excluded_lines": 0}, "missing_lines": [], "excluded_lines": []}, "Tests/__init__.py": {"executed_lines": [1], "summary": {"covered_lines": 0, "num_statements": 0, "percent_covered": 100.0, "percent_covered_display": "100", "missing_lines": 0, "excluded_lines": 0}, "missing_lines": [], "excluded_lines": []}, "Tests/test_interfaces.py": {"executed_lines": [1, 2, 3, 5, 10, 12, 13, 21, 22, 24, 27, 28, 30, 32, 37, 38, 40, 42, 43, 44, 45, 47, 49, 51, 56, 57, 59, 60, 63, 64, 66, 69, 70, 72, 74, 79, 80, 82, 84, 85, 86, 87, 89, 91, 93, 95], "summary": {"covered_lines": 28, "num_statements": 61, "percent_covered": 45.90163934426229, "percent_covered_display": "46", "missing_lines": 33, "excluded_lines": 0}, "missing_lines": [7, 9, 11, 14, 15, 17, 18, 19, 20, 23, 25, 26, 29, 31, 33, 34, 35, 36, 46, 48, 50, 52, 54, 55, 58, 62, 67, 68, 71, 73, 75, 76, 77], "excluded_lines": []}, "Tests/test_loader.py": {"executed_lines": [1, 2, 3, 4, 5, 6, 7, 9, 10, 12, 17, 21, 22, 25, 26, 30, 35, 36, 38, 39, 40], "summary": {"covered_lines": 14, "num_statements": 18, "percent_covered": 77.77777777777777, "percent_covered_display": "78", "missing_lines": 4, "excluded_lines": 0}, "missing_lines": [14, 15, 28, 29], "excluded_lines": []}, "Tests/test_metrics.py": {"executed_lines": [1, 3, 4, 11, 13, 14, 15, 17, 18, 21, 22, 24, 25, 28, 29, 31, 32, 35, 36, 38, 39], "summary": {"covered_lines": 14, "num_statements": 30, "percent_covered": 46.666666666666664, "percent_covered_display": "47", "missing_lines": 16, "excluded_lines": 0}, "missing_lines": [6, 7, 9, 10, 16, 19, 20, 23, 26, 30, 33, 34, 40, 42, 43, 44], "excluded_lines": []}, "Tests/test_modelsmanager.py": {"executed_lines": [1, 2, 3, 5, 9, 16, 18, 25, 27, 34, 37, 44, 46, 53, 55, 62], "summary": {"covered_lines": 10, "num_statements": 18, "percent_covered": 55.55555555555556, "percent_covered_display": "56", "missing_lines": 8, "excluded_lines": 0}, "missing_lines": [7, 8, 17, 26, 35, 36, 45, 54], "excluded_lines": []}, "Utils/DownloadData.py": {"executed_lines": [1], "summary": {"covered_lines": 1, "num_statements": 2, "percent_covered": 50.0, "percent_covered_display": "50", "missing_lines": 1, "excluded_lines": 0}, "missing_lines": [2], "excluded_lines": []}, "Utils/Settings.py": {"executed_lines": [1, 3, 4, 5, 6, 7], "summary": {"covered_lines": 6, "num_statements": 6, "percent_covered": 100.0, "percent_covered_display": "100", "missing_lines": 0, "excluded_lines": 0}, "missing_lines": [], "excluded_lines": []}, "Utils/__init__.py": {"executed_lines": [1], "summary": {"covered_lines": 0, "num_statements": 0, "percent_covered": 100.0, "percent_covered_display": "100", "missing_lines": 0, "excluded_lines": 0}, "missing_lines": [], "excluded_lines": []}, "__init__.py": {"executed_lines": [1], "summary": {"covered_lines": 0, "num_statements": 0, "percent_covered": 100.0, "percent_covered_display": "100", "missing_lines": 0, "excluded_lines": 0}, "missing_lines": [], "excluded_lines": []}}, "totals": {"covered_lines": 159, "num_statements": 309, "percent_covered": 51.45631067961165, "percent_covered_display": "51", "missing_lines": 150, "excluded_lines": 0}}